> Task :app:preBuild UP-TO-DATE
> Task :app:preDebugBuild UP-TO-DATE
> Task :app:mergeDebugNativeDebugMetadata NO-SOURCE
> Task :app:checkKotlinGradlePluginConfigurationErrors
> Task :app:dataBindingMergeDependencyArtifactsDebug UP-TO-DATE
> Task :app:generateDebugResValues UP-TO-DATE
> Task :app:generateDebugResources UP-TO-DATE
> Task :app:mergeDebugResources UP-TO-DATE
> Task :app:packageDebugResources UP-TO-DATE
> Task :app:parseDebugLocalResources UP-TO-DATE
> Task :app:dataBindingGenBaseClassesDebug UP-TO-DATE
> Task :app:generateDebugBuildConfig UP-TO-DATE
> Task :app:checkDebugAarMetadata UP-TO-DATE
> Task :app:mapDebugSourceSetPaths UP-TO-DATE
> Task :app:createDebugCompatibleScreenManifests UP-TO-DATE
> Task :app:extractDeepLinksDebug UP-TO-DATE
> Task :app:processDebugMainManifest UP-TO-DATE
> Task :app:processDebugManifest UP-TO-DATE
> Task :app:processDebugManifestForPackage UP-TO-DATE
> Task :app:processDebugResources UP-TO-DATE
> Task :app:javaPreCompileDebug UP-TO-DATE
> Task :app:mergeDebugShaders UP-TO-DATE
> Task :app:compileDebugShaders NO-SOURCE
> Task :app:generateDebugAssets UP-TO-DATE
> Task :app:mergeDebugAssets UP-TO-DATE
> Task :app:compressDebugAssets UP-TO-DATE
> Task :app:desugarDebugFileDependencies UP-TO-DATE
> Task :app:checkDebugDuplicateClasses UP-TO-DATE
> Task :app:mergeExtDexDebug UP-TO-DATE
> Task :app:mergeLibDexDebug UP-TO-DATE
> Task :app:mergeDebugJniLibFolders UP-TO-DATE
> Task :app:mergeDebugNativeLibs UP-TO-DATE
> Task :app:stripDebugDebugSymbols UP-TO-DATE
> Task :app:validateSigningDebug UP-TO-DATE
> Task :app:writeDebugAppMetadata UP-TO-DATE
> Task :app:writeDebugSigningConfigVersions UP-TO-DATE

> Task :app:compileDebugKotlin
e: file:///C:/Users/Tushal/Desktop/APP/Vexor/app/src/main/java/com/vexor/vault/data/NoteRepository.kt:13:33 Expression 'CryptoManager' of type 'CryptoManager' cannot be invoked as a function. The function 'invoke()' is not found
e: file:///C:/Users/Tushal/Desktop/APP/Vexor/app/src/main/java/com/vexor/vault/data/NoteRepository.kt:50:18 Overload resolution ambiguity: 
public open fun <T : Any!> fromJson(p0: JsonElement!, p1: Type!): TypeVariable(T)! defined in com.google.gson.Gson
public open fun <T : Any!> fromJson(p0: JsonReader!, p1: Type!): TypeVariable(T)! defined in com.google.gson.Gson
public open fun <T : Any!> fromJson(p0: Reader!, p1: Type!): TypeVariable(T)! defined in com.google.gson.Gson
public open fun <T : Any!> fromJson(p0: String!, p1: Type!): TypeVariable(T)! defined in com.google.gson.Gson
e: file:///C:/Users/Tushal/Desktop/APP/Vexor/app/src/main/java/com/vexor/vault/data/VaultRepository.kt:74:21 None of the following functions can be called with the arguments supplied: 
public final fun getAllFiles(isFakeVault: Boolean): List<VaultFile> defined in com.vexor.vault.data.VaultRepository
public final fun getAllFiles(vaultId: String): List<VaultFile> defined in com.vexor.vault.data.VaultRepository
e: file:///C:/Users/Tushal/Desktop/APP/Vexor/app/src/main/java/com/vexor/vault/data/VaultRepository.kt:75:27 Unresolved reference: it
e: file:///C:/Users/Tushal/Desktop/APP/Vexor/app/src/main/java/com/vexor/vault/data/VaultRepository.kt:114:21 None of the following functions can be called with the arguments supplied: 
public final fun getAllFiles(isFakeVault: Boolean): List<VaultFile> defined in com.vexor.vault.data.VaultRepository
public final fun getAllFiles(vaultId: String): List<VaultFile> defined in com.vexor.vault.data.VaultRepository
e: file:///C:/Users/Tushal/Desktop/APP/Vexor/app/src/main/java/com/vexor/vault/data/VaultRepository.kt:115:27 Unresolved reference: it
e: file:///C:/Users/Tushal/Desktop/APP/Vexor/app/src/main/java/com/vexor/vault/ui/AuthActivity.kt:222:23 Type mismatch: inferred type is String but Boolean was expected
e: file:///C:/Users/Tushal/Desktop/APP/Vexor/app/src/main/java/com/vexor/vault/ui/CameraActivity.kt:84:43 Suspend function 'encryptFile' should be called only from a coroutine or another suspend function
e: file:///C:/Users/Tushal/Desktop/APP/Vexor/app/src/main/java/com/vexor/vault/ui/ChangePinActivity.kt:88:21 Type mismatch: inferred type is String? but Boolean was expected
e: file:///C:/Users/Tushal/Desktop/APP/Vexor/app/src/main/java/com/vexor/vault/ui/MainActivity.kt:739:2 Missing '}
e: file:///C:/Users/Tushal/Desktop/APP/Vexor/app/src/main/java/com/vexor/vault/ui/MainActivity.kt:76:13 Unresolved reference: importFiles
e: file:///C:/Users/Tushal/Desktop/APP/Vexor/app/src/main/java/com/vexor/vault/ui/MainActivity.kt:107:24 Unresolved reference: currentFolderId
e: file:///C:/Users/Tushal/Desktop/APP/Vexor/app/src/main/java/com/vexor/vault/ui/MainActivity.kt:108:17 Unresolved reference: navigateUp
e: file:///C:/Users/Tushal/Desktop/APP/Vexor/app/src/main/java/com/vexor/vault/ui/MainActivity.kt:116:9 Unresolved reference: loadFiles
e: file:///C:/Users/Tushal/Desktop/APP/Vexor/app/src/main/java/com/vexor/vault/ui/MainActivity.kt:141:17 Unresolved reference: loadFiles
e: file:///C:/Users/Tushal/Desktop/APP/Vexor/app/src/main/java/com/vexor/vault/ui/MainActivity.kt:149:37 Unresolved reference: onVaultItemClick
e: file:///C:/Users/Tushal/Desktop/APP/Vexor/app/src/main/java/com/vexor/vault/ui/MainActivity.kt:152:17 Unresolved reference: updateActionMode
e: file:///C:/Users/Tushal/Desktop/APP/Vexor/app/src/main/java/com/vexor/vault/ui/MainActivity.kt:158:45 Unresolved reference: showAddOptions
e: file:///C:/Users/Tushal/Desktop/APP/Vexor/app/src/main/java/com/vexor/vault/ui/MainActivity.kt:160:57 Unresolved reference: exitSelectionMode
e: file:///C:/Users/Tushal/Desktop/APP/Vexor/app/src/main/java/com/vexor/vault/ui/MainActivity.kt:161:56 Unresolved reference: showSelectionOptions
e: file:///C:/Users/Tushal/Desktop/APP/Vexor/app/src/main/java/com/vexor/vault/ui/MainActivity.kt:164:13 Unresolved reference: loadFiles
e: file:///C:/Users/Tushal/Desktop/APP/Vexor/app/src/main/java/com/vexor/vault/ui/MainActivity.kt:168:5 Modifier 'override' is not applicable to 'local function'
e: file:///C:/Users/Tushal/Desktop/APP/Vexor/app/src/main/java/com/vexor/vault/ui/MainActivity.kt:178:17 Unresolved reference: loadFiles
e: file:///C:/Users/Tushal/Desktop/APP/Vexor/app/src/main/java/com/vexor/vault/ui/MainActivity.kt:185:5 Modifier 'override' is not applicable to 'local function'
e: file:///C:/Users/Tushal/Desktop/APP/Vexor/app/src/main/java/com/vexor/vault/ui/MainActivity.kt:196:17 Unresolved reference: loadFiles
e: file:///C:/Users/Tushal/Desktop/APP/Vexor/app/src/main/java/com/vexor/vault/ui/MainActivity.kt:201:17 Unresolved reference: loadFiles
e: file:///C:/Users/Tushal/Desktop/APP/Vexor/app/src/main/java/com/vexor/vault/ui/MainActivity.kt:206:17 Unresolved reference: loadFiles
e: file:///C:/Users/Tushal/Desktop/APP/Vexor/app/src/main/java/com/vexor/vault/ui/MainActivity.kt:213:5 Modifier 'private' is not applicable to 'local variable'
e: file:///C:/Users/Tushal/Desktop/APP/Vexor/app/src/main/java/com/vexor/vault/ui/MainActivity.kt:214:5 Modifier 'private' is not applicable to 'local variable'
e: file:///C:/Users/Tushal/Desktop/APP/Vexor/app/src/main/java/com/vexor/vault/ui/MainActivity.kt:216:5 Modifier 'private' is not applicable to 'local function'
e: file:///C:/Users/Tushal/Desktop/APP/Vexor/app/src/main/java/com/vexor/vault/ui/MainActivity.kt:266:17 Unresolved reference: emptyState
e: file:///C:/Users/Tushal/Desktop/APP/Vexor/app/src/main/java/com/vexor/vault/ui/MainActivity.kt:266:28 Variable expected
e: file:///C:/Users/Tushal/Desktop/APP/Vexor/app/src/main/java/com/vexor/vault/ui/MainActivity.kt:270:5 Modifier 'private' is not applicable to 'local function'
e: file:///C:/Users/Tushal/Desktop/APP/Vexor/app/src/main/java/com/vexor/vault/ui/MainActivity.kt:274:17 Unresolved reference: enterFolder
e: file:///C:/Users/Tushal/Desktop/APP/Vexor/app/src/main/java/com/vexor/vault/ui/MainActivity.kt:277:17 Unresolved reference: openFile
e: file:///C:/Users/Tushal/Desktop/APP/Vexor/app/src/main/java/com/vexor/vault/ui/MainActivity.kt:282:5 Modifier 'private' is not applicable to 'local function'
e: file:///C:/Users/Tushal/Desktop/APP/Vexor/app/src/main/java/com/vexor/vault/ui/MainActivity.kt:288:5 Modifier 'private' is not applicable to 'local function'
e: file:///C:/Users/Tushal/Desktop/APP/Vexor/app/src/main/java/com/vexor/vault/ui/MainActivity.kt:300:5 Modifier 'private' is not applicable to 'local function'
e: file:///C:/Users/Tushal/Desktop/APP/Vexor/app/src/main/java/com/vexor/vault/ui/MainActivity.kt:314:26 Unresolved reference: showCreateFolderDialog
e: file:///C:/Users/Tushal/Desktop/APP/Vexor/app/src/main/java/com/vexor/vault/ui/MainActivity.kt:326:5 Modifier 'private' is not applicable to 'local function'
e: file:///C:/Users/Tushal/Desktop/APP/Vexor/app/src/main/java/com/vexor/vault/ui/MainActivity.kt:336:21 Unresolved reference: createFolder
e: file:///C:/Users/Tushal/Desktop/APP/Vexor/app/src/main/java/com/vexor/vault/ui/MainActivity.kt:345:5 Modifier 'private' is not applicable to 'local function'
e: file:///C:/Users/Tushal/Desktop/APP/Vexor/app/src/main/java/com/vexor/vault/ui/MainActivity.kt:356:5 Modifier 'private' is not applicable to 'local function'
e: file:///C:/Users/Tushal/Desktop/APP/Vexor/app/src/main/java/com/vexor/vault/ui/MainActivity.kt:376:36 Unresolved reference: getMediaStoreUri
e: file:///C:/Users/Tushal/Desktop/APP/Vexor/app/src/main/java/com/vexor/vault/ui/MainActivity.kt:391:21 Unresolved reference: askToDeleteOriginals
e: file:///C:/Users/Tushal/Desktop/APP/Vexor/app/src/main/java/com/vexor/vault/ui/MainActivity.kt:397:5 Modifier 'private' is not applicable to 'local function'
e: file:///C:/Users/Tushal/Desktop/APP/Vexor/app/src/main/java/com/vexor/vault/ui/MainActivity.kt:405:28 Unresolved reference: getPathFromUri
e: file:///C:/Users/Tushal/Desktop/APP/Vexor/app/src/main/java/com/vexor/vault/ui/MainActivity.kt:433:5 Modifier 'private' is not applicable to 'local function'
e: file:///C:/Users/Tushal/Desktop/APP/Vexor/app/src/main/java/com/vexor/vault/ui/MainActivity.kt:495:5 Modifier 'private' is not applicable to 'local function'
e: file:///C:/Users/Tushal/Desktop/APP/Vexor/app/src/main/java/com/vexor/vault/ui/MainActivity.kt:531:5 Modifier 'private' is not applicable to 'local function'
e: file:///C:/Users/Tushal/Desktop/APP/Vexor/app/src/main/java/com/vexor/vault/ui/MainActivity.kt:547:5 Modifier 'private' is not applicable to 'local function'
e: file:///C:/Users/Tushal/Desktop/APP/Vexor/app/src/main/java/com/vexor/vault/ui/MainActivity.kt:558:5 Modifier 'private' is not applicable to 'local function'
e: file:///C:/Users/Tushal/Desktop/APP/Vexor/app/src/main/java/com/vexor/vault/ui/MainActivity.kt:564:5 Modifier 'private' is not applicable to 'local function'
e: file:///C:/Users/Tushal/Desktop/APP/Vexor/app/src/main/java/com/vexor/vault/ui/MainActivity.kt:575:26 Unresolved reference: exportSelectedFiles
e: file:///C:/Users/Tushal/Desktop/APP/Vexor/app/src/main/java/com/vexor/vault/ui/MainActivity.kt:576:26 Unresolved reference: deleteSelectedFiles
e: file:///C:/Users/Tushal/Desktop/APP/Vexor/app/src/main/java/com/vexor/vault/ui/MainActivity.kt:583:5 Modifier 'private' is not applicable to 'local function'
e: file:///C:/Users/Tushal/Desktop/APP/Vexor/app/src/main/java/com/vexor/vault/ui/MainActivity.kt:593:53 Unresolved reference: doExport
e: file:///C:/Users/Tushal/Desktop/APP/Vexor/app/src/main/java/com/vexor/vault/ui/MainActivity.kt:598:5 Modifier 'private' is not applicable to 'local function'
e: file:///C:/Users/Tushal/Desktop/APP/Vexor/app/src/main/java/com/vexor/vault/ui/MainActivity.kt:610:31 Unresolved reference: exportFileToDevice
e: file:///C:/Users/Tushal/Desktop/APP/Vexor/app/src/main/java/com/vexor/vault/ui/MainActivity.kt:628:5 Modifier 'private' is not applicable to 'local function'
e: file:///C:/Users/Tushal/Desktop/APP/Vexor/app/src/main/java/com/vexor/vault/ui/MainActivity.kt:685:5 Modifier 'private' is not applicable to 'local function'
e: file:///C:/Users/Tushal/Desktop/APP/Vexor/app/src/main/java/com/vexor/vault/ui/MainActivity.kt:713:5 Modifier 'override' is not applicable to 'local function'
e: file:///C:/Users/Tushal/Desktop/APP/Vexor/app/src/main/java/com/vexor/vault/ui/MainActivity.kt:718:5 Modifier 'override' is not applicable to 'local function'

> Task :app:compileDebugKotlin FAILED

FAILURE: Build failed with an exception.

* What went wrong:
Execution failed for task ':app:compileDebugKotlin'.
> A failure occurred while executing org.jetbrains.kotlin.compilerRunner.GradleCompilerRunnerWithWorkers$GradleKotlinCompilerWorkAction
   > Compilation error. See log for more details

* Try:
> Run with --stacktrace option to get the stack trace.
> Run with --info or --debug option to get more log output.
> Run with --scan to get full insights.
> Get more help at https://help.gradle.org.

BUILD FAILED in 10s
31 actionable tasks: 2 executed, 29 up-to-date
